<?xml version="1.0" encoding="UTF-8"?>
<!-- Generated by org.testng.reporters.JUnitReportReporter -->
<testsuite hostname="IBM-PF35YJF9" failures="0" tests="6" name="methodDef.DynamicJson" time="3.882" errors="0" timestamp="2023-01-29T01:26:20 IST" skipped="0">
  <testcase classname="methodDef.DynamicJson" name="addBook" time="0.191"/>
  <system-out/>
  <testcase classname="methodDef.DynamicJson" name="addBook" time="2.839"/>
  <system-out/>
  <testcase classname="methodDef.DynamicJson" name="addBook" time="0.212"/>
  <system-out/>
  <testcase classname="methodDef.DynamicJson" name="deleteBook" time="0.219"/>
  <system-out/>
  <testcase classname="methodDef.DynamicJson" name="deleteBook" time="0.211"/>
  <system-out/>
  <testcase classname="methodDef.DynamicJson" name="deleteBook" time="0.210"/>
  <system-out/>
</testsuite> <!-- methodDef.DynamicJson -->
